Flow report for fft
Mon Jul 15 14:55:57 2024
Quartus II 64-Bit Version 13.1.0 Build 162 10/23/2013 SJ Full Version


---------------------
; Table of Contents ;
---------------------
  1. Legal Notice
  2. Flow Summary
  3. Flow Settings
  4. Flow Non-Default Global Settings
  5. Flow Elapsed Time
  6. Flow OS Summary
  7. Flow Log
  8. Flow Messages
  9. Flow Suppressed Messages



----------------
; Legal Notice ;
----------------
Copyright (C) 1991-2013 Altera Corporation
Your use of Altera Corporation's design tools, logic functions 
and other software and tools, and its AMPP partner logic 
functions, and any output files from any of the foregoing 
(including device programming or simulation files), and any 
associated documentation or information are expressly subject 
to the terms and conditions of the Altera Program License 
Subscription Agreement, Altera MegaCore Function License 
Agreement, or other applicable license agreement, including, 
without limitation, that your use is for the sole purpose of 
programming logic devices manufactured by Altera and sold by 
Altera or its authorized distributors.  Please refer to the 
applicable agreement for further details.



+----------------------------------------------------------------------------------+
; Flow Summary                                                                     ;
+------------------------------------+---------------------------------------------+
; Flow Status                        ; Successful - Mon Jul 15 14:55:57 2024       ;
; Quartus II 64-Bit Version          ; 13.1.0 Build 162 10/23/2013 SJ Full Version ;
; Revision Name                      ; fft                                         ;
; Top-level Entity Name              ; fft                                         ;
; Family                             ; Cyclone III                                 ;
; Total logic elements               ; 2,524 / 119,088 ( 2 % )                     ;
;     Total combinational functions  ; 2,142 / 119,088 ( 2 % )                     ;
;     Dedicated logic registers      ; 1,536 / 119,088 ( 1 % )                     ;
; Total registers                    ; 1536                                        ;
; Total pins                         ; 516 / 532 ( 97 % )                          ;
; Total virtual pins                 ; 0                                           ;
; Total memory bits                  ; 0 / 3,981,312 ( 0 % )                       ;
; Embedded Multiplier 9-bit elements ; 0 / 576 ( 0 % )                             ;
; Total PLLs                         ; 0 / 4 ( 0 % )                               ;
; Device                             ; EP3C120F780C8                               ;
; Timing Models                      ; Final                                       ;
+------------------------------------+---------------------------------------------+


+-----------------------------------------+
; Flow Settings                           ;
+-------------------+---------------------+
; Option            ; Setting             ;
+-------------------+---------------------+
; Start date & time ; 07/15/2024 14:54:48 ;
; Main task         ; Compilation         ;
; Revision Name     ; fft                 ;
+-------------------+---------------------+


+----------------------------------------------------------------------------------------------------------------------+
; Flow Non-Default Global Settings                                                                                     ;
+--------------------------------------+--------------------------------+---------------+-------------+----------------+
; Assignment Name                      ; Value                          ; Default Value ; Entity Name ; Section Id     ;
+--------------------------------------+--------------------------------+---------------+-------------+----------------+
; COMPILER_SIGNATURE_ID                ; 10995770589202.172102648825380 ; --            ; --          ; --             ;
; EDA_DESIGN_INSTANCE_NAME             ; NA                             ; --            ; --          ; fft_tb         ;
; EDA_GENERATE_FUNCTIONAL_NETLIST      ; Off                            ; --            ; --          ; eda_simulation ;
; EDA_NATIVELINK_SIMULATION_TEST_BENCH ; fft_tb                         ; --            ; --          ; eda_simulation ;
; EDA_OUTPUT_DATA_FORMAT               ; Verilog Hdl                    ; --            ; --          ; eda_simulation ;
; EDA_SIMULATION_TOOL                  ; ModelSim-Altera (Verilog)      ; <None>        ; --          ; --             ;
; EDA_TEST_BENCH_ENABLE_STATUS         ; TEST_BENCH_MODE                ; --            ; --          ; eda_simulation ;
; EDA_TEST_BENCH_FILE                  ; ../testbench/fft_tb.vhd        ; --            ; --          ; fft_tb         ;
; EDA_TEST_BENCH_FILE                  ; ../rtl/fft.vhd                 ; --            ; --          ; fft_tb         ;
; EDA_TEST_BENCH_FILE                  ; ../rtl/butterfly2.vhd          ; --            ; --          ; fft_tb         ;
; EDA_TEST_BENCH_FILE                  ; ../rtl/butterfly8.vhd          ; --            ; --          ; fft_tb         ;
; EDA_TEST_BENCH_FILE                  ; ../rtl/complex_add.vhd         ; --            ; --          ; fft_tb         ;
; EDA_TEST_BENCH_FILE                  ; ../rtl/complex_mult.vhd        ; --            ; --          ; fft_tb         ;
; EDA_TEST_BENCH_FILE                  ; ../rtl/complex_sub.vhd         ; --            ; --          ; fft_tb         ;
; EDA_TEST_BENCH_FILE                  ; ../rtl/data_reg.vhd            ; --            ; --          ; fft_tb         ;
; EDA_TEST_BENCH_FILE                  ; ../rtl/input_conv.vhd          ; --            ; --          ; fft_tb         ;
; EDA_TEST_BENCH_FILE                  ; ../rtl/output_conv.vhd         ; --            ; --          ; fft_tb         ;
; EDA_TEST_BENCH_MODULE_NAME           ; fft_tb                         ; --            ; --          ; fft_tb         ;
; EDA_TEST_BENCH_NAME                  ; fft_tb                         ; --            ; --          ; eda_simulation ;
; EDA_TEST_BENCH_RUN_SIM_FOR           ; 4000 ns                        ; --            ; --          ; fft_tb         ;
; EDA_TIME_SCALE                       ; 1 ps                           ; --            ; --          ; eda_simulation ;
; PARTITION_COLOR                      ; 16764057                       ; --            ; --          ; Top            ;
; PARTITION_FITTER_PRESERVATION_LEVEL  ; PLACEMENT_AND_ROUTING          ; --            ; --          ; Top            ;
; PARTITION_NETLIST_TYPE               ; SOURCE                         ; --            ; --          ; Top            ;
; PROJECT_OUTPUT_DIRECTORY             ; output_files                   ; --            ; --          ; --             ;
+--------------------------------------+--------------------------------+---------------+-------------+----------------+


+-------------------------------------------------------------------------------------------------------------------------------+
; Flow Elapsed Time                                                                                                             ;
+---------------------------+--------------+-------------------------+---------------------+------------------------------------+
; Module Name               ; Elapsed Time ; Average Processors Used ; Peak Virtual Memory ; Total CPU Time (on all processors) ;
+---------------------------+--------------+-------------------------+---------------------+------------------------------------+
; Analysis & Synthesis      ; 00:00:15     ; 1.0                     ; 4761 MB             ; 00:00:15                           ;
; Fitter                    ; 00:00:36     ; 3.1                     ; 6414 MB             ; 00:01:09                           ;
; Assembler                 ; 00:00:04     ; 1.0                     ; 4631 MB             ; 00:00:04                           ;
; TimeQuest Timing Analyzer ; 00:00:04     ; 1.0                     ; 4931 MB             ; 00:00:04                           ;
; EDA Netlist Writer        ; 00:00:04     ; 1.0                     ; 4595 MB             ; 00:00:03                           ;
; Total                     ; 00:01:03     ; --                      ; --                  ; 00:01:35                           ;
+---------------------------+--------------+-------------------------+---------------------+------------------------------------+


+----------------------------------------------------------------------------------------+
; Flow OS Summary                                                                        ;
+---------------------------+------------------+-----------+------------+----------------+
; Module Name               ; Machine Hostname ; OS Name   ; OS Version ; Processor type ;
+---------------------------+------------------+-----------+------------+----------------+
; Analysis & Synthesis      ; LAPTOP-HJ6TGE9R  ; Windows 7 ; 6.2        ; x86_64         ;
; Fitter                    ; LAPTOP-HJ6TGE9R  ; Windows 7 ; 6.2        ; x86_64         ;
; Assembler                 ; LAPTOP-HJ6TGE9R  ; Windows 7 ; 6.2        ; x86_64         ;
; TimeQuest Timing Analyzer ; LAPTOP-HJ6TGE9R  ; Windows 7 ; 6.2        ; x86_64         ;
; EDA Netlist Writer        ; LAPTOP-HJ6TGE9R  ; Windows 7 ; 6.2        ; x86_64         ;
+---------------------------+------------------+-----------+------------+----------------+


------------
; Flow Log ;
------------
quartus_map --read_settings_files=on --write_settings_files=off fft -c fft
quartus_fit --read_settings_files=off --write_settings_files=off fft -c fft
quartus_asm --read_settings_files=off --write_settings_files=off fft -c fft
quartus_sta fft -c fft
quartus_eda --read_settings_files=off --write_settings_files=off fft -c fft



